\BOOKMARK [1][-]{section.1}{Problem Statement -1}{}% 1
\BOOKMARK [2][-]{subsection.1.1}{Problem Satement}{section.1}% 2
\BOOKMARK [2][-]{subsection.1.2}{Algorithm and Implementation}{section.1}% 3
\BOOKMARK [2][-]{subsection.1.3}{Flowchart}{section.1}% 4
\BOOKMARK [2][-]{subsection.1.4}{Input and Output format}{section.1}% 5
\BOOKMARK [3][-]{subsubsection.1.4.1}{Input Format}{subsection.1.4}% 6
\BOOKMARK [3][-]{subsubsection.1.4.2}{Output Format}{subsection.1.4}% 7
\BOOKMARK [2][-]{subsection.1.5}{Test Cases}{section.1}% 8
\BOOKMARK [3][-]{subsubsection.1.5.1}{Input1}{subsection.1.5}% 9
\BOOKMARK [3][-]{subsubsection.1.5.2}{Output1}{subsection.1.5}% 10
\BOOKMARK [2][-]{subsection.1.6}{Screenshots}{section.1}% 11
\BOOKMARK [1][-]{section.2}{Problem Statement -2}{}% 12
\BOOKMARK [2][-]{subsection.2.1}{Problem Satement}{section.2}% 13
\BOOKMARK [2][-]{subsection.2.2}{Algorithm and Implementation}{section.2}% 14
\BOOKMARK [2][-]{subsection.2.3}{Flowchart}{section.2}% 15
\BOOKMARK [2][-]{subsection.2.4}{Test Cases}{section.2}% 16
\BOOKMARK [3][-]{subsubsection.2.4.1}{Input}{subsection.2.4}% 17
\BOOKMARK [3][-]{subsubsection.2.4.2}{Output}{subsection.2.4}% 18
\BOOKMARK [2][-]{subsection.2.5}{Screenshots}{section.2}% 19
\BOOKMARK [3][-]{subsubsection.2.5.1}{Screenshot1}{subsection.2.5}% 20
\BOOKMARK [3][-]{subsubsection.2.5.2}{Screenshot2}{subsection.2.5}% 21
\BOOKMARK [1][-]{section*.2}{Appendices}{}% 22
\BOOKMARK [1][-]{section*.2}{References}{}% 23
